{"numFailedTestSuites":0,"numFailedTests":0,"numPassedTestSuites":1,"numPassedTests":1,"numPendingTestSuites":0,"numPendingTests":0,"numRuntimeErrorTestSuites":0,"numTodoTests":0,"numTotalTestSuites":1,"numTotalTests":1,"openHandles":[],"snapshot":{"added":0,"didUpdate":false,"failure":false,"filesAdded":0,"filesRemoved":0,"filesRemovedList":[],"filesUnmatched":0,"filesUpdated":0,"matched":1,"total":1,"unchecked":0,"uncheckedKeysByFile":[],"unmatched":0,"updated":0},"startTime":1671630597719,"success":true,"testResults":[{"assertionResults":[{"ancestorTitles":["<ThemeSelector /> test case"],"duration":18,"failureDetails":[],"failureMessages":[],"fullName":"<ThemeSelector /> test case Render <ThemeSelector /> test case correctly","invocations":1,"location":null,"numPassingAsserts":0,"retryReasons":[],"status":"passed","title":"Render <ThemeSelector /> test case correctly"}],"endTime":1671630601094,"message":"","name":"/Users/fiqrychoerudin/Developer/github/next-boilerplate/src/components/themeSelector/__test__/index.test.tsx","startTime":1671630599221,"status":"passed","summary":""}],"wasInterrupted":false}